  Generate moc_predefs.h
  Uic'ing View\aboutdialog.ui...
  Uic'ing View\examinationdialog.ui...
  Uic'ing View\filtersdialog.ui...
  Uic'ing View\imageviewer.ui...
  Uic'ing View\loadimagedialog.ui...
  Uic'ing View\loadstudydialog.ui...
  Uic'ing View\logindialog.ui...
  Uic'ing View\mainwindow.ui...
   C:\Users\Altay\Documents\Qt\Projects\ibex\core\View\logindialog.ui: Warning: The name 'layoutWidget' (QWidget) is already in use, defaulting to 'layoutWidget1'.
  Uic'ing View\newpatientdialog.ui...
  Uic'ing View\pacssettingsdialog.ui...
  Uic'ing View\toolsdialog.ui...
  Uic'ing View\worklistdialog.ui...
  Uic'ing View\worklistserversettingsdialog.ui...
  Rcc'ing resources.qrc...
  Moc'ing Model\DICOM_ENUMS.h...
  Moc'ing View\aboutdialog.h...
  Moc'ing Model\anatomicregionelement.h...
  Moc'ing ..\log4qt\appender.h...
  Moc'ing ..\log4qt\appenderskeleton.h...
  Moc'ing View\bodypartselectionsquare.h...
  Moc'ing ..\log4qt\helpers\configuratorhelper.h...
  Moc'ing ..\log4qt\consoleappender.h...
  Moc'ing ..\log4qt\dailyrollingfileappender.h...
  Moc'ing Model\databaseconnector.h...
  Moc'ing Utils\databasemgr.h...
   C:\Users\Altay\Documents\Qt\Projects\ibex\core\View\bodypartselectionsquare.h(34): Warning: Class BodyPartSelectionSquare implements the interface QGraphicsItem but does not list it in Q_INTERFACES. qobject_cast to QGraphicsItem will not work!
  Moc'ing ..\log4qt\varia\debugappender.h...
  Moc'ing ..\log4qt\varia\denyallfilter.h...
  Moc'ing Controller\devicemgr.h...
  Moc'ing Utils\dicomtools.h...
  Moc'ing View\examinationdialog.h...
  Moc'ing Controller\examinationmgr.h...
  Moc'ing ..\log4qt\fileappender.h...
  Moc'ing ..\log4qt\spi\filter.h...
  Moc'ing Controller\filterpluginmgr.h...
  Moc'ing View\filtersdialog.h...
  Moc'ing ..\common\include\ialgorithm.h...
  Moc'ing View\imageviewer.h...
  Moc'ing ..\log4qt\layout.h...
  Moc'ing ..\log4qt\varia\levelmatchfilter.h...
  Moc'ing ..\log4qt\varia\levelrangefilter.h...
  Moc'ing ..\log4qt\varia\listappender.h...
  Moc'ing View\loadImagedialog.h...
  Moc'ing View\loadstudydialog.h...
  Moc'ing Controller\loadstudymgr.h...
  Moc'ing ..\log4qt\logger.h...
  Moc'ing View\logindialog.h...
  Moc'ing Controller\loginmgr.h...
  Moc'ing Utils\logmgr.h...
  Moc'ing ..\log4qt\helpers\logobject.h...
  Moc'ing View\mainwindow.h...
  Moc'ing View\newpatientdialog.h...
  Moc'ing Controller\newpatientmgr.h...
  Moc'ing ..\log4qt\varia\nullappender.h...
  Moc'ing Controller\pacssettingmgr.h...
  Moc'ing View\pacssettingsdialog.h...
  Moc'ing ..\log4qt\patternlayout.h...
  Moc'ing Model\registrationformmodel.h...
  Moc'ing ..\log4qt\rollingfileappender.h...
  Moc'ing Utils\settingsprovider.h...
  Moc'ing ..\log4qt\simplelayout.h...
   C:\Users\Altay\Documents\Qt\Projects\ibex\log4qt\rollingfileappender.h(79): Warning: Property declaration maxFileSize has no READ accessor function or associated MEMBER variable. The property will be invalid.
  Moc'ing startup.h...
  Moc'ing ..\log4qt\varia\stringmatchfilter.h...
  Moc'ing View\toolsdialog.h...
  Moc'ing Controller\toolsmgr.h...
  Moc'ing ..\log4qt\ttcclayout.h...
  Moc'ing View\worklistdialog.h...
  Moc'ing Controller\worklistmgr.h...
  Moc'ing Model\worklistmodel.h...
  Moc'ing Model\worklistquerymodel.h...
  Moc'ing View\worklistserversettingsdialog.h...
  Moc'ing Controller\worklistserversettingsmgr.h...
  Moc'ing ..\log4qt\writerappender.h...
  aboutdialog.cpp
  anatomicregionelement.cpp
  appenderskeleton.cpp
  basicconfigurator.cpp
  bodypartselectionsquare.cpp
  classlogger.cpp
  configuratorhelper.cpp
  consoleappender.cpp
  coreapplication.cpp
  dailyrollingfileappender.cpp
  databaseconnector.cpp
  databasemgr.cpp
  datetime.cpp
  debugappender.cpp
  denyallfilter.cpp
  devicemgr.cpp
  dicomtools.cpp
  examinationdialog.cpp
  examinationmgr.cpp
  factory.cpp
..\log4qt\helpers\factory.cpp(445): warning C4100: 'rFactory': unreferenced formal parameter
  fileappender.cpp
  filter.cpp
  filterpluginmgr.cpp
  filtersdialog.cpp
  hierarchy.cpp
  imageviewer.cpp
  initialisationhelper.cpp
  layout.cpp
  level.cpp
  levelmatchfilter.cpp
  levelrangefilter.cpp
  listappender.cpp
  loadImagedialog.cpp
  loadstudydialog.cpp
  loadstudymgr.cpp
  log4qt.cpp
  logerror.cpp
  logger.cpp
  loggerrepository.cpp
  loggingevent.cpp
  logindialog.cpp
  loginmgr.cpp
  logmanager.cpp
  logmgr.cpp
  logobject.cpp
  logobjectptr.cpp
..\log4qt\logmanager.cpp(424): warning C4100: 'context': unreferenced formal parameter
  main.cpp
  mainwindow.cpp
  mdc.cpp
  ndc.cpp
  newpatientdialog.cpp
  newpatientmgr.cpp
  nullappender.cpp
  optionconverter.cpp
  pacssettingmgr.cpp
  pacssettingsdialog.cpp
  patternformatter.cpp
  patternlayout.cpp
  properties.cpp
  propertyconfigurator.cpp
  registrationformmodel.cpp
  rollingfileappender.cpp
  settingsprovider.cpp
  simplelayout.cpp
  startup.cpp
  stringmatchfilter.cpp
  toolsdialog.cpp
  toolsmgr.cpp
  ttcclayout.cpp
  worklistdialog.cpp
  worklistmgr.cpp
  worklistmodel.cpp
  worklistquerymodel.cpp
  worklistserversettingsdialog.cpp
  worklistserversettingsmgr.cpp
  writerappender.cpp
Controller\worklistmgr.cpp(190): warning C4100: 'row': unreferenced formal parameter
  qrc_resources.cpp
  moc_DICOM_ENUMS.cpp
  moc_aboutdialog.cpp
  moc_anatomicregionelement.cpp
  moc_appender.cpp
  moc_appenderskeleton.cpp
  moc_bodypartselectionsquare.cpp
  moc_configuratorhelper.cpp
  moc_consoleappender.cpp
  moc_dailyrollingfileappender.cpp
  moc_databaseconnector.cpp
  moc_databasemgr.cpp
  moc_debugappender.cpp
  moc_denyallfilter.cpp
  moc_devicemgr.cpp
  moc_dicomtools.cpp
  moc_examinationdialog.cpp
  moc_examinationmgr.cpp
  moc_fileappender.cpp
  moc_filter.cpp
  moc_filterpluginmgr.cpp
  moc_filtersdialog.cpp
  moc_ialgorithm.cpp
  moc_imageviewer.cpp
  moc_layout.cpp
  moc_levelmatchfilter.cpp
  moc_levelrangefilter.cpp
  moc_listappender.cpp
  moc_loadImagedialog.cpp
  moc_loadstudydialog.cpp
  moc_loadstudymgr.cpp
  moc_logger.cpp
  moc_logindialog.cpp
  moc_loginmgr.cpp
  moc_logmgr.cpp
  moc_logobject.cpp
  moc_mainwindow.cpp
  moc_newpatientdialog.cpp
  moc_newpatientmgr.cpp
  moc_nullappender.cpp
  moc_pacssettingmgr.cpp
  moc_pacssettingsdialog.cpp
  moc_patternlayout.cpp
  moc_registrationformmodel.cpp
  moc_rollingfileappender.cpp
  moc_settingsprovider.cpp
  moc_simplelayout.cpp
  moc_startup.cpp
  moc_stringmatchfilter.cpp
  moc_toolsdialog.cpp
  moc_toolsmgr.cpp
  moc_ttcclayout.cpp
  moc_worklistdialog.cpp
  moc_worklistmgr.cpp
  moc_worklistmodel.cpp
  moc_worklistquerymodel.cpp
  moc_worklistserversettingsdialog.cpp
  moc_worklistserversettingsmgr.cpp
  moc_writerappender.cpp
  '.\database' is not recognized as an internal or external command,
  operable program or batch file.
C:\Program Files (x86)\MSBuild\Microsoft.Cpp\v4.0\V140\Microsoft.CppCommon.targets(128,5): error MSB3073: The command " .\database C:\Users\Altay\Documents\Qt\Projects\ibex\build\release\database
C:\Program Files (x86)\MSBuild\Microsoft.Cpp\v4.0\V140\Microsoft.CppCommon.targets(128,5): error MSB3073: :VCEnd" exited with code 9009.
